Arguments: 
  /usr/bin/node /usr/bin/yarn

PATH: 
  /home/tak/.rustup/toolchains/nightly-x86_64-unknown-linux-gnu/bin:/home/tak/.local/share/pnpm:/usr/local/bin:/usr/bin:/bin:/usr/local/sbin:/home/tak/.dotnet/tools:/var/lib/flatpak/exports/bin:/usr/bin/site_perl:/usr/bin/vendor_perl:/usr/bin/core_perl

Yarn version: 
  1.22.19

Node version: 
  18.7.0

Platform: 
  linux x64

Trace: 
  Error: getaddrinfo EAI_AGAIN registry.yarnpkg.com
      at GetAddrInfoReqWrap.onlookup [as oncomplete] (node:dns:111:26)

npm manifest: 
  {
    "name": "rust-blog",
    "scripts": {
      "dev": "solid-start dev",
      "build": "solid-start build",
      "start": "solid-start start"
    },
    "type": "module",
    "devDependencies": {
      "solid-start-node": "0.1.0-alpha.99",
      "typescript": "^4.4.3",
      "vite": "^3.0.4"
    },
    "dependencies": {
      "@solidjs/meta": "^0.28.0",
      "@solidjs/router": "^0.4.2",
      "solid-js": "1.4.7",
      "solid-start": "0.1.0-alpha.99",
      "undici": "^5.8.0"
    },
    "engines": {
      "node": ">=14"
    }
  }

yarn manifest: 
  No manifest

Lockfile: 
  No lockfile
